{
  "stats": {
    "suites": 2,
    "tests": 3,
    "passes": 3,
    "pending": 0,
    "failures": 0,
    "start": "2025-01-23T11:42:22.083Z",
    "end": "2025-01-23T11:42:22.280Z",
    "duration": 197,
    "testsRegistered": 3,
    "passPercent": 100,
    "pendingPercent": 0,
    "other": 0,
    "hasOther": false,
    "skipped": 0,
    "hasSkipped": false
  },
  "results": [
    {
      "uuid": "3409a82a-d36e-461c-ba58-bdbd8e96f2d3",
      "title": "",
      "fullFile": "",
      "file": "",
      "beforeHooks": [],
      "afterHooks": [],
      "tests": [],
      "suites": [
        {
          "uuid": "2e6e943e-f8ae-4a0d-b414-27acb24d9860",
          "title": "HomePage",
          "fullFile": "/home/sunny.tyagi/Desktop/loopback4-microservice-catalog/sandbox/oauth-example/dist/__tests__/acceptance/home-page.acceptance.js",
          "file": "/dist/__tests__/acceptance/home-page.acceptance.js",
          "beforeHooks": [
            {
              "title": "\"before all\" hook: setupApplication in \"HomePage\"",
              "fullTitle": "HomePage \"before all\" hook: setupApplication in \"HomePage\"",
              "timedOut": false,
              "duration": 114,
              "state": null,
              "speed": null,
              "pass": false,
              "fail": false,
              "pending": false,
              "context": null,
              "code": "({ app, client } = await (0, test_helper_1.setupApplication)());",
              "err": {},
              "uuid": "20293c03-b990-490e-9efc-6d354d893fd0",
              "parentUUID": "2e6e943e-f8ae-4a0d-b414-27acb24d9860",
              "isHook": true,
              "skipped": false
            }
          ],
          "afterHooks": [
            {
              "title": "\"after all\" hook in \"HomePage\"",
              "fullTitle": "HomePage \"after all\" hook in \"HomePage\"",
              "timedOut": false,
              "duration": 1,
              "state": null,
              "speed": null,
              "pass": false,
              "fail": false,
              "pending": false,
              "context": null,
              "code": "await app.stop();",
              "err": {},
              "uuid": "2b2923de-19ba-4662-89c3-0ae694864f95",
              "parentUUID": "2e6e943e-f8ae-4a0d-b414-27acb24d9860",
              "isHook": true,
              "skipped": false
            }
          ],
          "tests": [
            {
              "title": "exposes a default home page",
              "fullTitle": "HomePage exposes a default home page",
              "timedOut": false,
              "duration": 33,
              "state": "passed",
              "speed": "fast",
              "pass": true,
              "fail": false,
              "pending": false,
              "context": null,
              "code": "await client\n    .get('/')\n    .expect(200)\n    .expect('Content-Type', /text\\/html/);",
              "err": {},
              "uuid": "23eb12e9-5ce9-440b-8917-cdc28b8f84fc",
              "parentUUID": "2e6e943e-f8ae-4a0d-b414-27acb24d9860",
              "isHook": false,
              "skipped": false
            },
            {
              "title": "exposes self-hosted explorer",
              "fullTitle": "HomePage exposes self-hosted explorer",
              "timedOut": false,
              "duration": 7,
              "state": "passed",
              "speed": "fast",
              "pass": true,
              "fail": false,
              "pending": false,
              "context": null,
              "code": "await client\n    .get('/explorer/')\n    .expect(200)\n    .expect('Content-Type', /text\\/html/)\n    .expect(/<title>LoopBack API Explorer/);",
              "err": {},
              "uuid": "34665c34-d600-4177-a634-d2dd8055d23a",
              "parentUUID": "2e6e943e-f8ae-4a0d-b414-27acb24d9860",
              "isHook": false,
              "skipped": false
            }
          ],
          "suites": [],
          "passes": [
            "23eb12e9-5ce9-440b-8917-cdc28b8f84fc",
            "34665c34-d600-4177-a634-d2dd8055d23a"
          ],
          "failures": [],
          "pending": [],
          "skipped": [],
          "duration": 40,
          "root": false,
          "rootEmpty": false,
          "_timeout": 2000
        },
        {
          "uuid": "22276620-3fd2-42a6-82ad-fad0f5518100",
          "title": "PingController",
          "fullFile": "/home/sunny.tyagi/Desktop/loopback4-microservice-catalog/sandbox/oauth-example/dist/__tests__/acceptance/ping.controller.acceptance.js",
          "file": "/dist/__tests__/acceptance/ping.controller.acceptance.js",
          "beforeHooks": [
            {
              "title": "\"before all\" hook: setupApplication in \"PingController\"",
              "fullTitle": "PingController \"before all\" hook: setupApplication in \"PingController\"",
              "timedOut": false,
              "duration": 23,
              "state": null,
              "speed": null,
              "pass": false,
              "fail": false,
              "pending": false,
              "context": null,
              "code": "({ app, client } = await (0, test_helper_1.setupApplication)());",
              "err": {},
              "uuid": "2551e451-d66c-4bc2-a6a6-631c43077591",
              "parentUUID": "22276620-3fd2-42a6-82ad-fad0f5518100",
              "isHook": true,
              "skipped": false
            }
          ],
          "afterHooks": [
            {
              "title": "\"after all\" hook in \"PingController\"",
              "fullTitle": "PingController \"after all\" hook in \"PingController\"",
              "timedOut": false,
              "duration": 0,
              "state": null,
              "speed": null,
              "pass": false,
              "fail": false,
              "pending": false,
              "context": null,
              "code": "await app.stop();",
              "err": {},
              "uuid": "7f785598-ae44-43e2-bd37-2060c7c4841d",
              "parentUUID": "22276620-3fd2-42a6-82ad-fad0f5518100",
              "isHook": true,
              "skipped": false
            }
          ],
          "tests": [
            {
              "title": "invokes GET /ping",
              "fullTitle": "PingController invokes GET /ping",
              "timedOut": false,
              "duration": 12,
              "state": "passed",
              "speed": "fast",
              "pass": true,
              "fail": false,
              "pending": false,
              "context": null,
              "code": "const res = await client.get('/ping?msg=world').expect(200);\n(0, testlab_1.expect)(res.body).to.containEql({ greeting: 'Hello from LoopBack' });",
              "err": {},
              "uuid": "6b35846f-7023-4ae8-a7db-a2f6a10885fe",
              "parentUUID": "22276620-3fd2-42a6-82ad-fad0f5518100",
              "isHook": false,
              "skipped": false
            }
          ],
          "suites": [],
          "passes": [
            "6b35846f-7023-4ae8-a7db-a2f6a10885fe"
          ],
          "failures": [],
          "pending": [],
          "skipped": [],
          "duration": 12,
          "root": false,
          "rootEmpty": false,
          "_timeout": 2000
        }
      ],
      "passes": [],
      "failures": [],
      "pending": [],
      "skipped": [],
      "duration": 0,
      "root": true,
      "rootEmpty": true,
      "_timeout": 2000
    }
  ],
  "meta": {
    "mocha": {
      "version": "11.0.1"
    },
    "mochawesome": {
      "options": {
        "quiet": false,
        "reportFilename": "mochawesome",
        "saveHtml": true,
        "saveJson": true,
        "consoleReporter": "spec",
        "useInlineDiffs": false,
        "code": true
      },
      "version": "7.1.3"
    },
    "marge": {
      "options": null,
      "version": "6.2.0"
    }
  }
}